app/build/outputs/logs/manifest-merger-debug-report.txt
-- Merging decision tree log ---
manifest
ADDED from src\main\AndroidManifest.xml:2:1-279:12
	package
		ADDED from src\main\AndroidManifest.xml:3:5-33
		INJECTED from src\main\AndroidManifest.xml
		INJECTED from src\main\AndroidManifest.xml
	android:versionName
		ADDED from src\main\AndroidManifest.xml:5:5-30
		INJECTED from src\main\AndroidManifest.xml
		INJECTED from src\main\AndroidManifest.xml
	android:versionCode
		ADDED from src\main\AndroidManifest.xml:4:5-28
		INJECTED from src\main\AndroidManifest.xml
		INJECTED from src\main\AndroidManifest.xml
	xmlns:android
		ADDED from src\main\AndroidManifest.xml:2:11-69
uses-sdk
ADDED from src\main\AndroidManifest.xml:8:5-10:41
MERGED from [ZHI_HUI_jjj:lib_slidingMenuLibrary:unspecified] AndroidManifest.xml:7:5-9:41
MERGED from [ZHI_HUI_jjj:lib_viewPagerIndicatorLibrary:unspecified] AndroidManifest.xml:7:5-9:40
MERGED from [ZHI_HUI_jjj:lib_pullToRefreshListViewlibrary:unspecified] AndroidManifest.xml:7:5-9:40
MERGED from [com.android.support:design:24.2.1] AndroidManifest.xml:20:5-43
MERGED from [com.android.support:appcompat-v7:24.2.1] AndroidManifest.xml:21:5-23:78
MERGED from [com.android.support:support-v4:24.2.1] AndroidManifest.xml:21:5-23:54
MERGED from [com.android.support:support-fragment:24.2.1] AndroidManifest.xml:21:5-23:60
MERGED from [com.android.support:support-media-compat:24.2.1] AndroidManifest.xml:21:5-23:63
MERGED from [com.android.support:support-core-utils:24.2.1] AndroidManifest.xml:21:5-23:61
MERGED from [com.android.support:animated-vector-drawable:24.2.1] AndroidManifest.xml:20:5-44
MERGED from [com.android.support:support-vector-drawable:24.2.1] AndroidManifest.xml:21:5-43
MERGED from [com.android.support:recyclerview-v7:24.2.1] AndroidManifest.xml:20:5-43
MERGED from [com.android.support:support-core-ui:24.2.1] AndroidManifest.xml:21:5-23:58
MERGED from [com.android.support:support-compat:24.2.1] AndroidManifest.xml:21:5-23:58
	tools:overrideLibrary
		ADDED from [com.android.support:appcompat-v7:24.2.1] AndroidManifest.xml:23:9-75
	android:targetSdkVersion
		ADDED from src\main\AndroidManifest.xml:10:9-38
		INJECTED from src\main\AndroidManifest.xml
		INJECTED from src\main\AndroidManifest.xml
	android:minSdkVersion
		ADDED from src\main\AndroidManifest.xml:9:9-35
		INJECTED from src\main\AndroidManifest.xml
		INJECTED from src\main\AndroidManifest.xml
permission#com.itheima.zhbj98.permission.JPUSH_MESSAGE
ADDED from src\main\AndroidManifest.xml:12:5-14:47
	android:protectionLevel
		ADDED from src\main\AndroidManifest.xml:14:9-44
	android:name
		ADDED from src\main\AndroidManifest.xml:13:9-67
uses-permission#com.itheima.zhbj98.permission.JPUSH_MESSAGE
ADDED from src\main\AndroidManifest.xml:17:5-83
	android:name
		ADDED from src\main\AndroidManifest.xml:17:22-80
uses-permission#android.permission.RECEIVE_USER_PRESENT
ADDED from src\main\AndroidManifest.xml:18:5-79
	android:name
		ADDED from src\main\AndroidManifest.xml:18:22-76
uses-permission#android.permission.INTERNET
ADDED from src\main\AndroidManifest.xml:19:5-67
	android:name
		ADDED from src\main\AndroidManifest.xml:19:22-64
uses-permission#android.permission.WAKE_LOCK
ADDED from src\main\AndroidManifest.xml:20:5-68
	android:name
		ADDED from src\main\AndroidManifest.xml:20:22-65
uses-permission#android.permission.READ_PHONE_STATE
ADDED from src\main\AndroidManifest.xml:21:5-75
	android:name
		ADDED from src\main\AndroidManifest.xml:21:22-72
uses-permission#android.permission.WRITE_EXTERNAL_STORAGE
ADDED from src\main\AndroidManifest.xml:22:5-81
	android:name
		ADDED from src\main\AndroidManifest.xml:22:22-78
uses-permission#android.permission.READ_EXTERNAL_STORAGE
ADDED from src\main\AndroidManifest.xml:23:5-80
	android:name
		ADDED from src\main\AndroidManifest.xml:23:22-77
uses-permission#android.permission.WRITE_SETTINGS
ADDED from src\main\AndroidManifest.xml:24:5-73
	android:name
		ADDED from src\main\AndroidManifest.xml:24:22-70
uses-permission#android.permission.VIBRATE
ADDED from src\main\AndroidManifest.xml:25:5-66
	android:name
		ADDED from src\main\AndroidManifest.xml:25:22-63
uses-permission#android.permission.MOUNT_UNMOUNT_FILESYSTEMS
ADDED from src\main\AndroidManifest.xml:26:5-84
	android:name
		ADDED from src\main\AndroidManifest.xml:26:22-81
uses-permission#android.permission.ACCESS_NETWORK_STATE
ADDED from src\main\AndroidManifest.xml:27:5-79
	android:name
		ADDED from src\main\AndroidManifest.xml:27:22-76
uses-permission#android.permission.ACCESS_WIFI_STATE
ADDED from src\main\AndroidManifest.xml:28:5-76
	android:name
		ADDED from src\main\AndroidManifest.xml:28:22-73
uses-permission#android.permission.SYSTEM_ALERT_WINDOW
ADDED from src\main\AndroidManifest.xml:29:5-78
	android:name
		ADDED from src\main\AndroidManifest.xml:29:22-75
uses-permission#android.permission.ACCESS_COARSE_LOCATION
ADDED from src\main\AndroidManifest.xml:35:5-81
	android:name
		ADDED from src\main\AndroidManifest.xml:35:22-78
uses-permission#android.permission.CHANGE_WIFI_STATE
ADDED from src\main\AndroidManifest.xml:36:5-76
	android:name
		ADDED from src\main\AndroidManifest.xml:36:22-73
uses-permission#android.permission.ACCESS_FINE_LOCATION
ADDED from src\main\AndroidManifest.xml:37:5-79
	android:name
		ADDED from src\main\AndroidManifest.xml:37:22-76
uses-permission#android.permission.ACCESS_LOCATION_EXTRA_COMMANDS
ADDED from src\main\AndroidManifest.xml:38:5-89
	android:name
		ADDED from src\main\AndroidManifest.xml:38:22-86
uses-permission#android.permission.CHANGE_NETWORK_STATE
ADDED from src\main\AndroidManifest.xml:39:5-79
	android:name
		ADDED from src\main\AndroidManifest.xml:39:22-76
uses-permission#android.permission.GET_TASKS
ADDED from src\main\AndroidManifest.xml:40:5-68
	android:name
		ADDED from src\main\AndroidManifest.xml:40:22-65
uses-permission#android.permission.MANAGE_ACCOUNTS
ADDED from src\main\AndroidManifest.xml:41:5-74
	android:name
		ADDED from src\main\AndroidManifest.xml:41:22-71
uses-permission#android.permission.GET_ACCOUNTS
ADDED from src\main\AndroidManifest.xml:42:5-71
	android:name
		ADDED from src\main\AndroidManifest.xml:42:22-68
uses-permission#android.permission.BLUETOOTH
ADDED from src\main\AndroidManifest.xml:44:5-68
	android:name
		ADDED from src\main\AndroidManifest.xml:44:22-65
uses-permission#android.permission.BLUETOOTH_ADMIN
ADDED from src\main\AndroidManifest.xml:45:5-74
	android:name
		ADDED from src\main\AndroidManifest.xml:45:22-71
uses-permission#android.permission.RECORD_AUDIO
ADDED from src\main\AndroidManifest.xml:48:5-71
	android:name
		ADDED from src\main\AndroidManifest.xml:48:22-68
uses-permission#android.permission.READ_CONTACTS
ADDED from src\main\AndroidManifest.xml:50:5-72
	android:name
		ADDED from src\main\AndroidManifest.xml:50:22-69
application
ADDED from src\main\AndroidManifest.xml:52:5-277:19
MERGED from [ZHI_HUI_jjj:lib_pullToRefreshListViewlibrary:unspecified] AndroidManifest.xml:11:5-20
MERGED from [com.android.support:design:24.2.1] AndroidManifest.xml:22:5-20
MERGED from [com.android.support:appcompat-v7:24.2.1] AndroidManifest.xml:25:5-20
MERGED from [com.android.support:support-v4:24.2.1] AndroidManifest.xml:25:5-20
MERGED from [com.android.support:support-fragment:24.2.1] AndroidManifest.xml:25:5-20
MERGED from [com.android.support:support-media-compat:24.2.1] AndroidManifest.xml:25:5-20
MERGED from [com.android.support:support-core-utils:24.2.1] AndroidManifest.xml:25:5-20
MERGED from [com.android.support:animated-vector-drawable:24.2.1] AndroidManifest.xml:22:5-20
MERGED from [com.android.support:support-vector-drawable:24.2.1] AndroidManifest.xml:23:5-20
MERGED from [com.android.support:support-core-ui:24.2.1] AndroidManifest.xml:25:5-20
MERGED from [com.android.support:support-compat:24.2.1] AndroidManifest.xml:25:5-20
	android:label
		ADDED from src\main\AndroidManifest.xml:56:9-41
	android:allowBackup
		ADDED from src\main\AndroidManifest.xml:54:9-35
	android:icon
		ADDED from src\main\AndroidManifest.xml:55:9-45
	android:name
		ADDED from src\main\AndroidManifest.xml:53:9-38
activity#com.itheima.zhbj98.SplashActivity
ADDED from src\main\AndroidManifest.xml:59:9-68:20
	android:label
		ADDED from src\main\AndroidManifest.xml:61:13-45
	android:theme
		ADDED from src\main\AndroidManifest.xml:62:13-77
	android:name
		ADDED from src\main\AndroidManifest.xml:60:13-43
intent-filter#android.intent.action.MAIN+android.intent.category.LAUNCHER
ADDED from src\main\AndroidManifest.xml:63:13-67:29
action#android.intent.action.MAIN
ADDED from src\main\AndroidManifest.xml:64:17-69
	android:name
		ADDED from src\main\AndroidManifest.xml:64:25-66
category#android.intent.category.LAUNCHER
ADDED from src\main\AndroidManifest.xml:66:17-77
	android:name
		ADDED from src\main\AndroidManifest.xml:66:27-74
activity#com.itheima.zhbj98.GuideActivity
ADDED from src\main\AndroidManifest.xml:70:9-73:20
	android:label
		ADDED from src\main\AndroidManifest.xml:72:13-57
	android:name
		ADDED from src\main\AndroidManifest.xml:71:13-42
activity#com.itheima.zhbj98.HomeActivity
ADDED from src\main\AndroidManifest.xml:75:9-79:20
	android:label
		ADDED from src\main\AndroidManifest.xml:77:13-56
	android:theme
		ADDED from src\main\AndroidManifest.xml:78:13-63
	android:name
		ADDED from src\main\AndroidManifest.xml:76:13-41
activity#com.mob.tools.MobUIShell
ADDED from src\main\AndroidManifest.xml:90:9-111:20
	android:screenOrientation
		ADDED from src\main\AndroidManifest.xml:93:13-49
	android:windowSoftInputMode
		ADDED from src\main\AndroidManifest.xml:95:13-67
	android:configChanges
		ADDED from src\main\AndroidManifest.xml:92:13-74
	android:theme
		ADDED from src\main\AndroidManifest.xml:94:13-72
	android:name
		ADDED from src\main\AndroidManifest.xml:91:13-52
intent-filter#android.intent.action.VIEW+android.intent.category.BROWSABLE+android.intent.category.DEFAULT
ADDED from src\main\AndroidManifest.xml:96:13-103:29
data
ADDED from src\main\AndroidManifest.xml:97:17-59
	android:scheme
		ADDED from src\main\AndroidManifest.xml:97:23-56
action#android.intent.action.VIEW
ADDED from src\main\AndroidManifest.xml:99:17-69
	android:name
		ADDED from src\main\AndroidManifest.xml:99:25-66
category#android.intent.category.BROWSABLE
ADDED from src\main\AndroidManifest.xml:101:17-78
	android:name
		ADDED from src\main\AndroidManifest.xml:101:27-75
category#android.intent.category.DEFAULT
ADDED from src\main\AndroidManifest.xml:102:17-76
	android:name
		ADDED from src\main\AndroidManifest.xml:102:27-73
intent-filter#android.intent.category.DEFAULT+com.sina.weibo.sdk.action.ACTION_SDK_REQ_ACTIVITY
ADDED from src\main\AndroidManifest.xml:106:13-110:29
action#com.sina.weibo.sdk.action.ACTION_SDK_REQ_ACTIVITY
ADDED from src\main\AndroidManifest.xml:107:17-92
	android:name
		ADDED from src\main\AndroidManifest.xml:107:25-89
activity#com.itheima.zhbj98.wxapi.WXEntryActivity
ADDED from src\main\AndroidManifest.xml:113:9-118:75
	android:screenOrientation
		ADDED from src\main\AndroidManifest.xml:117:13-49
	android:exported
		ADDED from src\main\AndroidManifest.xml:116:13-36
	android:configChanges
		ADDED from src\main\AndroidManifest.xml:115:13-74
	android:theme
		ADDED from src\main\AndroidManifest.xml:118:13-72
	android:name
		ADDED from src\main\AndroidManifest.xml:114:13-50
activity#com.itheima.zhbj98.NewsDetialActivity
ADDED from src\main\AndroidManifest.xml:136:9-144:20
	android:exported
		ADDED from src\main\AndroidManifest.xml:138:13-37
	android:name
		ADDED from src\main\AndroidManifest.xml:137:13-47
intent-filter#jpush.testAction+jpush.testCategory
ADDED from src\main\AndroidManifest.xml:139:13-143:29
action#jpush.testAction
ADDED from src\main\AndroidManifest.xml:140:17-59
	android:name
		ADDED from src\main\AndroidManifest.xml:140:25-56
category#jpush.testCategory
ADDED from src\main\AndroidManifest.xml:142:17-63
	android:name
		ADDED from src\main\AndroidManifest.xml:142:27-60
activity#cn.jpush.android.ui.PopWinActivity
ADDED from src\main\AndroidManifest.xml:147:9-151:20
	android:exported
		ADDED from src\main\AndroidManifest.xml:149:13-37
	android:theme
		ADDED from src\main\AndroidManifest.xml:150:13-49
	android:name
		ADDED from src\main\AndroidManifest.xml:148:13-62
activity#cn.jpush.android.ui.PushActivity
ADDED from src\main\AndroidManifest.xml:154:9-165:20
	android:exported
		ADDED from src\main\AndroidManifest.xml:157:13-37
	android:configChanges
		ADDED from src\main\AndroidManifest.xml:156:13-63
	android:theme
		ADDED from src\main\AndroidManifest.xml:158:13-60
	android:name
		ADDED from src\main\AndroidManifest.xml:155:13-60
intent-filter#android.intent.category.DEFAULT+cn.jpush.android.ui.PushActivity+com.itheima.zhbj98
ADDED from src\main\AndroidManifest.xml:159:13-164:29
action#cn.jpush.android.ui.PushActivity
ADDED from src\main\AndroidManifest.xml:160:17-75
	android:name
		ADDED from src\main\AndroidManifest.xml:160:25-72
category#com.itheima.zhbj98
ADDED from src\main\AndroidManifest.xml:163:17-63
	android:name
		ADDED from src\main\AndroidManifest.xml:163:27-60
service#cn.jpush.android.service.DownloadService
ADDED from src\main\AndroidManifest.xml:167:9-171:19
	android:enabled
		ADDED from src\main\AndroidManifest.xml:169:13-35
	android:exported
		ADDED from src\main\AndroidManifest.xml:170:13-37
	android:name
		ADDED from src\main\AndroidManifest.xml:168:13-68
service#cn.jpush.android.service.PushService
ADDED from src\main\AndroidManifest.xml:175:9-185:19
	android:enabled
		ADDED from src\main\AndroidManifest.xml:177:13-35
	android:exported
		ADDED from src\main\AndroidManifest.xml:178:13-37
	android:name
		ADDED from src\main\AndroidManifest.xml:176:13-64
intent-filter#cn.jpush.android.intent.PUSH_TIME+cn.jpush.android.intent.PushService+cn.jpush.android.intent.REGISTER+cn.jpush.android.intent.REPORT
ADDED from src\main\AndroidManifest.xml:179:13-184:29
action#cn.jpush.android.intent.REGISTER
ADDED from src\main\AndroidManifest.xml:180:17-75
	android:name
		ADDED from src\main\AndroidManifest.xml:180:25-72
action#cn.jpush.android.intent.REPORT
ADDED from src\main\AndroidManifest.xml:181:17-73
	android:name
		ADDED from src\main\AndroidManifest.xml:181:25-70
action#cn.jpush.android.intent.PushService
ADDED from src\main\AndroidManifest.xml:182:17-78
	android:name
		ADDED from src\main\AndroidManifest.xml:182:25-75
action#cn.jpush.android.intent.PUSH_TIME
ADDED from src\main\AndroidManifest.xml:183:17-76
	android:name
		ADDED from src\main\AndroidManifest.xml:183:25-73
service#cn.jpush.android.service.DaemonService
ADDED from src\main\AndroidManifest.xml:189:9-198:19
	android:enabled
		ADDED from src\main\AndroidManifest.xml:191:13-35
	android:exported
		ADDED from src\main\AndroidManifest.xml:192:13-36
	android:name
		ADDED from src\main\AndroidManifest.xml:190:13-66
intent-filter#cn.jpush.android.intent.DaemonService+com.itheima.zhbj98
ADDED from src\main\AndroidManifest.xml:193:13-197:29
action#cn.jpush.android.intent.DaemonService
ADDED from src\main\AndroidManifest.xml:194:17-80
	android:name
		ADDED from src\main\AndroidManifest.xml:194:25-77
receiver#cn.jpush.android.service.PushReceiver
ADDED from src\main\AndroidManifest.xml:201:9-221:20
	android:enabled
		ADDED from src\main\AndroidManifest.xml:203:13-35
	android:exported
		ADDED from src\main\AndroidManifest.xml:204:13-37
	android:name
		ADDED from src\main\AndroidManifest.xml:202:13-65
intent-filter#cn.jpush.android.intent.NOTIFICATION_RECEIVED_PROXY+com.itheima.zhbj98
ADDED from src\main\AndroidManifest.xml:205:13-209:29
	android:priority
		ADDED from src\main\AndroidManifest.xml:205:28-51
action#cn.jpush.android.intent.NOTIFICATION_RECEIVED_PROXY
ADDED from src\main\AndroidManifest.xml:206:17-94
	android:name
		ADDED from src\main\AndroidManifest.xml:206:25-91
intent-filter#android.intent.action.USER_PRESENT+android.net.conn.CONNECTIVITY_CHANGE
ADDED from src\main\AndroidManifest.xml:210:13-213:29
action#android.intent.action.USER_PRESENT
ADDED from src\main\AndroidManifest.xml:211:17-77
	android:name
		ADDED from src\main\AndroidManifest.xml:211:25-74
action#android.net.conn.CONNECTIVITY_CHANGE
ADDED from src\main\AndroidManifest.xml:212:17-79
	android:name
		ADDED from src\main\AndroidManifest.xml:212:25-76
intent-filter#android.intent.action.PACKAGE_ADDED+android.intent.action.PACKAGE_REMOVED
ADDED from src\main\AndroidManifest.xml:215:13-220:29
action#android.intent.action.PACKAGE_ADDED
ADDED from src\main\AndroidManifest.xml:216:17-78
	android:name
		ADDED from src\main\AndroidManifest.xml:216:25-75
action#android.intent.action.PACKAGE_REMOVED
ADDED from src\main\AndroidManifest.xml:217:17-80
	android:name
		ADDED from src\main\AndroidManifest.xml:217:25-77
receiver#cn.jpush.android.service.AlarmReceiver
ADDED from src\main\AndroidManifest.xml:224:9-226:40
	android:exported
		ADDED from src\main\AndroidManifest.xml:226:13-37
	android:name
		ADDED from src\main\AndroidManifest.xml:225:13-66
receiver#com.itheima.zhbj98.receiver.MyReceiver
ADDED from src\main\AndroidManifest.xml:229:9-249:20
	android:enabled
		ADDED from src\main\AndroidManifest.xml:231:13-35
	android:exported
		ADDED from src\main\AndroidManifest.xml:232:13-37
	android:name
		ADDED from src\main\AndroidManifest.xml:230:13-48
intent-filter#cn.jpush.android.intent.ACTION_RICHPUSH_CALLBACK+cn.jpush.android.intent.CONNECTION+cn.jpush.android.intent.MESSAGE_RECEIVED+cn.jpush.android.intent.NOTIFICATION_OPENED+cn.jpush.android.intent.NOTIFICATION_RECEIVED+cn.jpush.android.intent.REGISTRATION+cn.jpush.android.intent.UNREGISTRATION+com.itheima.zhbj98
ADDED from src\main\AndroidManifest.xml:233:13-248:29
action#cn.jpush.android.intent.REGISTRATION
ADDED from src\main\AndroidManifest.xml:234:17-79
	android:name
		ADDED from src\main\AndroidManifest.xml:234:25-76
action#cn.jpush.android.intent.UNREGISTRATION
ADDED from src\main\AndroidManifest.xml:236:17-81
	android:name
		ADDED from src\main\AndroidManifest.xml:236:25-78
action#cn.jpush.android.intent.MESSAGE_RECEIVED
ADDED from src\main\AndroidManifest.xml:237:17-83
	android:name
		ADDED from src\main\AndroidManifest.xml:237:25-80
action#cn.jpush.android.intent.NOTIFICATION_RECEIVED
ADDED from src\main\AndroidManifest.xml:239:17-88
	android:name
		ADDED from src\main\AndroidManifest.xml:239:25-85
action#cn.jpush.android.intent.NOTIFICATION_OPENED
ADDED from src\main\AndroidManifest.xml:241:17-86
	android:name
		ADDED from src\main\AndroidManifest.xml:241:25-83
action#cn.jpush.android.intent.ACTION_RICHPUSH_CALLBACK
ADDED from src\main\AndroidManifest.xml:243:17-91
	android:name
		ADDED from src\main\AndroidManifest.xml:243:25-88
action#cn.jpush.android.intent.CONNECTION
ADDED from src\main\AndroidManifest.xml:245:17-77
	android:name
		ADDED from src\main\AndroidManifest.xml:245:25-74
meta-data#JPUSH_CHANNEL
ADDED from src\main\AndroidManifest.xml:252:9-254:49
	android:value
		ADDED from src\main\AndroidManifest.xml:254:13-46
	android:name
		ADDED from src\main\AndroidManifest.xml:253:13-41
meta-data#JPUSH_APPKEY
ADDED from src\main\AndroidManifest.xml:256:9-258:56
	android:value
		ADDED from src\main\AndroidManifest.xml:258:13-53
	android:name
		ADDED from src\main\AndroidManifest.xml:257:13-40
activity#com.itheima.zhbj98.CollectionActivity
ADDED from src\main\AndroidManifest.xml:261:9-264:20
	android:label
		ADDED from src\main\AndroidManifest.xml:263:13-62
	android:name
		ADDED from src\main\AndroidManifest.xml:262:13-47
meta-data#UMENG_APPKEY
ADDED from src\main\AndroidManifest.xml:266:9-268:56
	android:value
		ADDED from src\main\AndroidManifest.xml:268:13-53
	android:name
		ADDED from src\main\AndroidManifest.xml:267:13-40
meta-data#UMENG_CHANNEL
ADDED from src\main\AndroidManifest.xml:269:9-271:38
	android:value
		ADDED from src\main\AndroidManifest.xml:271:13-35
	android:name
		ADDED from src\main\AndroidManifest.xml:270:13-41
activity#com.itheima.zhbj98.SelectItemActivity
ADDED from src\main\AndroidManifest.xml:273:9-276:20
	android:label
		ADDED from src\main\AndroidManifest.xml:275:13-63
	android:name
		ADDED from src\main\AndroidManifest.xml:274:13-47